2021-03-22 06:32:35,195 WARNING tensorflow MainThread : Large dropout rate: 0.7 (>0.5). In TensorFlow 2.x, dropout() uses dropout rate instead of keep_prob. Please ensure that this is intended.
2021-03-22 06:32:47,515 INFO werkzeug MainThread :  * Running on http://0.0.0.0:5000/ (Press CTRL+C to quit)
2021-03-22 06:36:07,256 WARNING tensorflow MainThread : Large dropout rate: 0.7 (>0.5). In TensorFlow 2.x, dropout() uses dropout rate instead of keep_prob. Please ensure that this is intended.
2021-03-22 06:36:19,045 INFO werkzeug MainThread :  * Running on http://0.0.0.0:5000/ (Press CTRL+C to quit)
2021-03-22 06:36:29,207 INFO werkzeug Thread-1 : 127.0.0.1 - - [22/Mar/2021 06:36:29] "[37mPOST /api/register HTTP/1.1[0m" 200 -
2021-03-22 06:36:41,934 DEBUG urllib3.connectionpool Thread-2 : Starting new HTTPS connection (1): thumbs.dreamstime.com:443
2021-03-22 06:36:42,268 DEBUG urllib3.connectionpool Thread-2 : https://thumbs.dreamstime.com:443 "GET /z/akita-dog-park-beautiful-standing-nature-outdoors-117824417.jpg HTTP/1.1" 200 143149
2021-03-22 06:37:03,832 DEBUG urllib3.connectionpool Thread-2 : Starting new HTTPS connection (1): stayakita.com:443
2021-03-22 06:37:05,462 DEBUG urllib3.connectionpool Thread-2 : https://stayakita.com:443 "GET /assets/uploads/2020/02/story_100_2.jpeg HTTP/1.1" 200 2455416
2021-03-22 06:37:13,073 DEBUG PIL.TiffImagePlugin Thread-2 : tag: ImageDescription (270) - type: string (2) Tag Location: 22 - Data Location: 134 - value: b'                               \x00'
2021-03-22 06:37:13,076 DEBUG PIL.TiffImagePlugin Thread-2 : tag: Make (271) - type: string (2) Tag Location: 34 - Data Location: 166 - value: b'SONY\x00'
2021-03-22 06:37:13,077 DEBUG PIL.TiffImagePlugin Thread-2 : tag: Model (272) - type: string (2) Tag Location: 46 - Data Location: 172 - value: b'ILCE-7RM2\x00'
2021-03-22 06:37:13,078 DEBUG PIL.TiffImagePlugin Thread-2 : tag: Orientation (274) - type: short (3) - value: b'\x00\x01'
2021-03-22 06:37:13,079 DEBUG PIL.TiffImagePlugin Thread-2 : tag: XResolution (282) - type: rational (5) Tag Location: 70 - Data Location: 182 - value: b'\x00\x00\x00\xf0\x00\x00\x00\x01'
2021-03-22 06:37:13,079 DEBUG PIL.TiffImagePlugin Thread-2 : tag: YResolution (283) - type: rational (5) Tag Location: 82 - Data Location: 190 - value: b'\x00\x00\x00\xf0\x00\x00\x00\x01'
2021-03-22 06:37:13,079 DEBUG PIL.TiffImagePlugin Thread-2 : tag: ResolutionUnit (296) - type: short (3) - value: b'\x00\x02'
2021-03-22 06:37:13,080 DEBUG PIL.TiffImagePlugin Thread-2 : tag: Software (305) - type: string (2) Tag Location: 106 - Data Location: 198 - value: b'ILCE-7RM2 v4.00\x00'
2021-03-22 06:37:13,080 DEBUG PIL.TiffImagePlugin Thread-2 : tag: DateTime (306) - type: string (2) Tag Location: 118 - Data Location: 214 - value: b'2019:12:21 13:29:05\x00'
2021-03-22 06:37:13,081 DEBUG PIL.TiffImagePlugin Thread-2 : tag: ExifIFD (34665) - type: long (4) - value: b'\x00\x00\x00\xea'
2021-03-22 06:37:13,081 DEBUG PIL.TiffImagePlugin Thread-2 : tag: ExposureTime (33434) - type: rational (5) Tag Location: 248 - Data Location: 660 - value: b'\x00\x00\x00\x01\x00\x00\x03\xe8'
2021-03-22 06:37:13,082 DEBUG PIL.TiffImagePlugin Thread-2 : tag: FNumber (33437) - type: rational (5) Tag Location: 260 - Data Location: 668 - value: b'\x00\x00\x00\x0e\x00\x00\x00\x05'
2021-03-22 06:37:13,082 DEBUG PIL.TiffImagePlugin Thread-2 : tag: ExposureProgram (34850) - type: short (3) - value: b'\x00\x01'
2021-03-22 06:37:13,082 DEBUG PIL.TiffImagePlugin Thread-2 : tag: ISOSpeedRatings (34855) - type: short (3) - value: b'\x01\xf4'
2021-03-22 06:37:13,083 DEBUG PIL.TiffImagePlugin Thread-2 : tag: SensitivityType (34864) - type: short (3) - value: b'\x00\x02'
2021-03-22 06:37:13,083 DEBUG PIL.TiffImagePlugin Thread-2 : tag: RecommendedExposureIndex (34866) - type: long (4) - value: b'\x00\x00\x01\xf4'
2021-03-22 06:37:13,083 DEBUG PIL.TiffImagePlugin Thread-2 : tag: ExifVersion (36864) - type: undefined (7) - value: b'0230'
2021-03-22 06:37:13,084 DEBUG PIL.TiffImagePlugin Thread-2 : tag: DateTimeOriginal (36867) - type: string (2) Tag Location: 332 - Data Location: 676 - value: b'2019:12:21 13:29:05\x00'
2021-03-22 06:37:13,084 DEBUG PIL.TiffImagePlugin Thread-2 : tag: DateTImeDigitized (36868) - type: string (2) Tag Location: 344 - Data Location: 696 - value: b'2019:12:21 13:29:05\x00'
2021-03-22 06:37:13,084 DEBUG PIL.TiffImagePlugin Thread-2 : tag: ComponentsConfiguration (37121) - type: undefined (7) - value: b'\x01\x02\x03\x00'
2021-03-22 06:37:13,085 DEBUG PIL.TiffImagePlugin Thread-2 : tag: CompressedBitsPerPixel (37122) - type: rational (5) Tag Location: 368 - Data Location: 716 - value: b'\x00\x00\x00\x04\x00\x00\x00\x01'
2021-03-22 06:37:13,085 DEBUG PIL.TiffImagePlugin Thread-2 : tag: BrightnessValue (37379) - type: signed rational (10) Tag Location: 380 - Data Location: 724 - value: b'\x00\x00\x08\x19\x00\x00\x01@'
2021-03-22 06:37:13,085 DEBUG PIL.TiffImagePlugin Thread-2 : tag: ExposureBiasValue (37380) - type: signed rational (10) Tag Location: 392 - Data Location: 732 - value: b'\xff\xff\xff\xfd\x00\x00\x00\n'
2021-03-22 06:37:13,086 DEBUG PIL.TiffImagePlugin Thread-2 : tag: MaxApertureValue (37381) - type: rational (5) Tag Location: 404 - Data Location: 740 - value: b'\x00\x00\x00_\x00\x00\x00 '
2021-03-22 06:37:13,086 DEBUG PIL.TiffImagePlugin Thread-2 : tag: MeteringMode (37383) - type: short (3) - value: b'\x00\x05'
2021-03-22 06:37:13,086 DEBUG PIL.TiffImagePlugin Thread-2 : tag: LightSource (37384) - type: short (3) - value: b'\x00\x00'
2021-03-22 06:37:13,086 DEBUG PIL.TiffImagePlugin Thread-2 : tag: Flash (37385) - type: short (3) - value: b'\x00\x10'
2021-03-22 06:37:13,087 DEBUG PIL.TiffImagePlugin Thread-2 : tag: FocalLength (37386) - type: rational (5) Tag Location: 452 - Data Location: 748 - value: b'\x00\x00\x00G\x00\x00\x00\x01'
2021-03-22 06:37:13,087 DEBUG PIL.TiffImagePlugin Thread-2 : tag: FlashPixVersion (40960) - type: undefined (7) - value: b'0100'
2021-03-22 06:37:13,087 DEBUG PIL.TiffImagePlugin Thread-2 : tag: ColorSpace (40961) - type: short (3) - value: b'\x00\x01'
2021-03-22 06:37:13,087 DEBUG PIL.TiffImagePlugin Thread-2 : tag: PixelXDimension (40962) - type: long (4) - value: b'\x00\x00\x07\x11'
2021-03-22 06:37:13,088 DEBUG PIL.TiffImagePlugin Thread-2 : tag: PixelYDimension (40963) - type: long (4) - value: b'\x00\x00\x04\xb7'
2021-03-22 06:37:13,088 DEBUG PIL.TiffImagePlugin Thread-2 : tag: FileSource (41728) - type: undefined (7) - value: b'\x03'
2021-03-22 06:37:13,088 DEBUG PIL.TiffImagePlugin Thread-2 : tag: SceneType (41729) - type: undefined (7) - value: b'\x01'
2021-03-22 06:37:13,088 DEBUG PIL.TiffImagePlugin Thread-2 : tag: CustomRendered (41985) - type: short (3) - value: b'\x00\x00'
2021-03-22 06:37:13,088 DEBUG PIL.TiffImagePlugin Thread-2 : tag: ExposureMode (41986) - type: short (3) - value: b'\x00\x01'
2021-03-22 06:37:13,089 DEBUG PIL.TiffImagePlugin Thread-2 : tag: WhiteBalance (41987) - type: short (3) - value: b'\x00\x00'
2021-03-22 06:37:13,089 DEBUG PIL.TiffImagePlugin Thread-2 : tag: DigitalZoomRatio (41988) - type: rational (5) Tag Location: 572 - Data Location: 756 - value: b'\x00\x00\x00\x01\x00\x00\x00\x01'
2021-03-22 06:37:13,089 DEBUG PIL.TiffImagePlugin Thread-2 : tag: FocalLengthIn35mmFilm (41989) - type: short (3) - value: b'\x00G'
2021-03-22 06:37:13,089 DEBUG PIL.TiffImagePlugin Thread-2 : tag: SceneCaptureType (41990) - type: short (3) - value: b'\x00\x00'
2021-03-22 06:37:13,089 DEBUG PIL.TiffImagePlugin Thread-2 : tag: Contrast (41992) - type: short (3) - value: b'\x00\x00'
2021-03-22 06:37:13,089 DEBUG PIL.TiffImagePlugin Thread-2 : tag: Saturation (41993) - type: short (3) - value: b'\x00\x00'
2021-03-22 06:37:13,090 DEBUG PIL.TiffImagePlugin Thread-2 : tag: Sharpness (41994) - type: short (3) - value: b'\x00\x00'
2021-03-22 06:37:13,090 DEBUG PIL.TiffImagePlugin Thread-2 : tag: LensSpecification (42034) - type: rational (5) Tag Location: 644 - Data Location: 764 - value: b'\x00\x00\x00\x1c\x00\x00\x00\x01\x00\x00\x00K\x00\x00\x00\x01\x00\x00\x00\x0e\x00\x00\x00\x05\x00\x00\x00\x0e\x00\x00\x00\x05'
2021-03-22 06:37:13,090 DEBUG PIL.TiffImagePlugin Thread-2 : tag: LensModel (42036) - type: string (2) Tag Location: 656 - Data Location: 796 - value: b'E 28-75mm F2.8-2.8\x00'
2021-03-22 06:37:32,367 INFO werkzeug Thread-2 : 127.0.0.1 - - [22/Mar/2021 06:37:32] "[37mPOST /api/lost HTTP/1.1[0m" 200 -
2021-03-22 06:39:08,253 INFO werkzeug Thread-3 : 127.0.0.1 - - [22/Mar/2021 06:39:08] "[37mPOST /api/found HTTP/1.1[0m" 200 -
2021-03-22 06:39:26,589 DEBUG urllib3.connectionpool Thread-4 : Starting new HTTPS connection (1): stayakita.com:443
2021-03-22 06:39:27,595 DEBUG urllib3.connectionpool Thread-4 : https://stayakita.com:443 "GET /assets/uploads/2020/02/story_100_2.jpeg HTTP/1.1" 200 2455416
2021-03-22 06:39:35,670 DEBUG PIL.TiffImagePlugin Thread-4 : tag: ImageDescription (270) - type: string (2) Tag Location: 22 - Data Location: 134 - value: b'                               \x00'
2021-03-22 06:39:35,675 DEBUG PIL.TiffImagePlugin Thread-4 : tag: Make (271) - type: string (2) Tag Location: 34 - Data Location: 166 - value: b'SONY\x00'
2021-03-22 06:39:35,675 DEBUG PIL.TiffImagePlugin Thread-4 : tag: Model (272) - type: string (2) Tag Location: 46 - Data Location: 172 - value: b'ILCE-7RM2\x00'
2021-03-22 06:39:35,676 DEBUG PIL.TiffImagePlugin Thread-4 : tag: Orientation (274) - type: short (3) - value: b'\x00\x01'
2021-03-22 06:39:35,677 DEBUG PIL.TiffImagePlugin Thread-4 : tag: XResolution (282) - type: rational (5) Tag Location: 70 - Data Location: 182 - value: b'\x00\x00\x00\xf0\x00\x00\x00\x01'
2021-03-22 06:39:35,677 DEBUG PIL.TiffImagePlugin Thread-4 : tag: YResolution (283) - type: rational (5) Tag Location: 82 - Data Location: 190 - value: b'\x00\x00\x00\xf0\x00\x00\x00\x01'
2021-03-22 06:39:35,678 DEBUG PIL.TiffImagePlugin Thread-4 : tag: ResolutionUnit (296) - type: short (3) - value: b'\x00\x02'
2021-03-22 06:39:35,678 DEBUG PIL.TiffImagePlugin Thread-4 : tag: Software (305) - type: string (2) Tag Location: 106 - Data Location: 198 - value: b'ILCE-7RM2 v4.00\x00'
2021-03-22 06:39:35,679 DEBUG PIL.TiffImagePlugin Thread-4 : tag: DateTime (306) - type: string (2) Tag Location: 118 - Data Location: 214 - value: b'2019:12:21 13:29:05\x00'
2021-03-22 06:39:35,679 DEBUG PIL.TiffImagePlugin Thread-4 : tag: ExifIFD (34665) - type: long (4) - value: b'\x00\x00\x00\xea'
2021-03-22 06:39:35,679 DEBUG PIL.TiffImagePlugin Thread-4 : tag: ExposureTime (33434) - type: rational (5) Tag Location: 248 - Data Location: 660 - value: b'\x00\x00\x00\x01\x00\x00\x03\xe8'
2021-03-22 06:39:35,680 DEBUG PIL.TiffImagePlugin Thread-4 : tag: FNumber (33437) - type: rational (5) Tag Location: 260 - Data Location: 668 - value: b'\x00\x00\x00\x0e\x00\x00\x00\x05'
2021-03-22 06:39:35,680 DEBUG PIL.TiffImagePlugin Thread-4 : tag: ExposureProgram (34850) - type: short (3) - value: b'\x00\x01'
2021-03-22 06:39:35,680 DEBUG PIL.TiffImagePlugin Thread-4 : tag: ISOSpeedRatings (34855) - type: short (3) - value: b'\x01\xf4'
2021-03-22 06:39:35,680 DEBUG PIL.TiffImagePlugin Thread-4 : tag: SensitivityType (34864) - type: short (3) - value: b'\x00\x02'
2021-03-22 06:39:35,680 DEBUG PIL.TiffImagePlugin Thread-4 : tag: RecommendedExposureIndex (34866) - type: long (4) - value: b'\x00\x00\x01\xf4'
2021-03-22 06:39:35,681 DEBUG PIL.TiffImagePlugin Thread-4 : tag: ExifVersion (36864) - type: undefined (7) - value: b'0230'
2021-03-22 06:39:35,681 DEBUG PIL.TiffImagePlugin Thread-4 : tag: DateTimeOriginal (36867) - type: string (2) Tag Location: 332 - Data Location: 676 - value: b'2019:12:21 13:29:05\x00'
2021-03-22 06:39:35,681 DEBUG PIL.TiffImagePlugin Thread-4 : tag: DateTImeDigitized (36868) - type: string (2) Tag Location: 344 - Data Location: 696 - value: b'2019:12:21 13:29:05\x00'
2021-03-22 06:39:35,681 DEBUG PIL.TiffImagePlugin Thread-4 : tag: ComponentsConfiguration (37121) - type: undefined (7) - value: b'\x01\x02\x03\x00'
2021-03-22 06:39:35,682 DEBUG PIL.TiffImagePlugin Thread-4 : tag: CompressedBitsPerPixel (37122) - type: rational (5) Tag Location: 368 - Data Location: 716 - value: b'\x00\x00\x00\x04\x00\x00\x00\x01'
2021-03-22 06:39:35,682 DEBUG PIL.TiffImagePlugin Thread-4 : tag: BrightnessValue (37379) - type: signed rational (10) Tag Location: 380 - Data Location: 724 - value: b'\x00\x00\x08\x19\x00\x00\x01@'
2021-03-22 06:39:35,683 DEBUG PIL.TiffImagePlugin Thread-4 : tag: ExposureBiasValue (37380) - type: signed rational (10) Tag Location: 392 - Data Location: 732 - value: b'\xff\xff\xff\xfd\x00\x00\x00\n'
2021-03-22 06:39:35,683 DEBUG PIL.TiffImagePlugin Thread-4 : tag: MaxApertureValue (37381) - type: rational (5) Tag Location: 404 - Data Location: 740 - value: b'\x00\x00\x00_\x00\x00\x00 '
2021-03-22 06:39:35,683 DEBUG PIL.TiffImagePlugin Thread-4 : tag: MeteringMode (37383) - type: short (3) - value: b'\x00\x05'
2021-03-22 06:39:35,683 DEBUG PIL.TiffImagePlugin Thread-4 : tag: LightSource (37384) - type: short (3) - value: b'\x00\x00'
2021-03-22 06:39:35,683 DEBUG PIL.TiffImagePlugin Thread-4 : tag: Flash (37385) - type: short (3) - value: b'\x00\x10'
2021-03-22 06:39:35,684 DEBUG PIL.TiffImagePlugin Thread-4 : tag: FocalLength (37386) - type: rational (5) Tag Location: 452 - Data Location: 748 - value: b'\x00\x00\x00G\x00\x00\x00\x01'
2021-03-22 06:39:35,684 DEBUG PIL.TiffImagePlugin Thread-4 : tag: FlashPixVersion (40960) - type: undefined (7) - value: b'0100'
2021-03-22 06:39:35,684 DEBUG PIL.TiffImagePlugin Thread-4 : tag: ColorSpace (40961) - type: short (3) - value: b'\x00\x01'
2021-03-22 06:39:35,684 DEBUG PIL.TiffImagePlugin Thread-4 : tag: PixelXDimension (40962) - type: long (4) - value: b'\x00\x00\x07\x11'
2021-03-22 06:39:35,684 DEBUG PIL.TiffImagePlugin Thread-4 : tag: PixelYDimension (40963) - type: long (4) - value: b'\x00\x00\x04\xb7'
2021-03-22 06:39:35,684 DEBUG PIL.TiffImagePlugin Thread-4 : tag: FileSource (41728) - type: undefined (7) - value: b'\x03'
2021-03-22 06:39:35,684 DEBUG PIL.TiffImagePlugin Thread-4 : tag: SceneType (41729) - type: undefined (7) - value: b'\x01'
2021-03-22 06:39:35,685 DEBUG PIL.TiffImagePlugin Thread-4 : tag: CustomRendered (41985) - type: short (3) - value: b'\x00\x00'
2021-03-22 06:39:35,685 DEBUG PIL.TiffImagePlugin Thread-4 : tag: ExposureMode (41986) - type: short (3) - value: b'\x00\x01'
2021-03-22 06:39:35,685 DEBUG PIL.TiffImagePlugin Thread-4 : tag: WhiteBalance (41987) - type: short (3) - value: b'\x00\x00'
2021-03-22 06:39:35,686 DEBUG PIL.TiffImagePlugin Thread-4 : tag: DigitalZoomRatio (41988) - type: rational (5) Tag Location: 572 - Data Location: 756 - value: b'\x00\x00\x00\x01\x00\x00\x00\x01'
2021-03-22 06:39:35,686 DEBUG PIL.TiffImagePlugin Thread-4 : tag: FocalLengthIn35mmFilm (41989) - type: short (3) - value: b'\x00G'
2021-03-22 06:39:35,686 DEBUG PIL.TiffImagePlugin Thread-4 : tag: SceneCaptureType (41990) - type: short (3) - value: b'\x00\x00'
2021-03-22 06:39:35,687 DEBUG PIL.TiffImagePlugin Thread-4 : tag: Contrast (41992) - type: short (3) - value: b'\x00\x00'
2021-03-22 06:39:35,687 DEBUG PIL.TiffImagePlugin Thread-4 : tag: Saturation (41993) - type: short (3) - value: b'\x00\x00'
2021-03-22 06:39:35,687 DEBUG PIL.TiffImagePlugin Thread-4 : tag: Sharpness (41994) - type: short (3) - value: b'\x00\x00'
2021-03-22 06:39:35,688 DEBUG PIL.TiffImagePlugin Thread-4 : tag: LensSpecification (42034) - type: rational (5) Tag Location: 644 - Data Location: 764 - value: b'\x00\x00\x00\x1c\x00\x00\x00\x01\x00\x00\x00K\x00\x00\x00\x01\x00\x00\x00\x0e\x00\x00\x00\x05\x00\x00\x00\x0e\x00\x00\x00\x05'
2021-03-22 06:39:35,688 DEBUG PIL.TiffImagePlugin Thread-4 : tag: LensModel (42036) - type: string (2) Tag Location: 656 - Data Location: 796 - value: b'E 28-75mm F2.8-2.8\x00'
2021-03-22 06:39:59,290 DEBUG urllib3.connectionpool Thread-4 : Starting new HTTPS connection (1): stayakita.com:443
2021-03-22 06:40:00,464 DEBUG urllib3.connectionpool Thread-4 : https://stayakita.com:443 "GET /assets/uploads/2020/02/story_100_2.jpeg HTTP/1.1" 200 2455416
2021-03-22 06:40:08,521 DEBUG PIL.TiffImagePlugin Thread-4 : tag: ImageDescription (270) - type: string (2) Tag Location: 22 - Data Location: 134 - value: b'                               \x00'
2021-03-22 06:40:08,523 DEBUG PIL.TiffImagePlugin Thread-4 : tag: Make (271) - type: string (2) Tag Location: 34 - Data Location: 166 - value: b'SONY\x00'
2021-03-22 06:40:08,524 DEBUG PIL.TiffImagePlugin Thread-4 : tag: Model (272) - type: string (2) Tag Location: 46 - Data Location: 172 - value: b'ILCE-7RM2\x00'
2021-03-22 06:40:08,524 DEBUG PIL.TiffImagePlugin Thread-4 : tag: Orientation (274) - type: short (3) - value: b'\x00\x01'
2021-03-22 06:40:08,525 DEBUG PIL.TiffImagePlugin Thread-4 : tag: XResolution (282) - type: rational (5) Tag Location: 70 - Data Location: 182 - value: b'\x00\x00\x00\xf0\x00\x00\x00\x01'
2021-03-22 06:40:08,525 DEBUG PIL.TiffImagePlugin Thread-4 : tag: YResolution (283) - type: rational (5) Tag Location: 82 - Data Location: 190 - value: b'\x00\x00\x00\xf0\x00\x00\x00\x01'
2021-03-22 06:40:08,526 DEBUG PIL.TiffImagePlugin Thread-4 : tag: ResolutionUnit (296) - type: short (3) - value: b'\x00\x02'
2021-03-22 06:40:08,526 DEBUG PIL.TiffImagePlugin Thread-4 : tag: Software (305) - type: string (2) Tag Location: 106 - Data Location: 198 - value: b'ILCE-7RM2 v4.00\x00'
2021-03-22 06:40:08,527 DEBUG PIL.TiffImagePlugin Thread-4 : tag: DateTime (306) - type: string (2) Tag Location: 118 - Data Location: 214 - value: b'2019:12:21 13:29:05\x00'
2021-03-22 06:40:08,527 DEBUG PIL.TiffImagePlugin Thread-4 : tag: ExifIFD (34665) - type: long (4) - value: b'\x00\x00\x00\xea'
2021-03-22 06:40:08,528 DEBUG PIL.TiffImagePlugin Thread-4 : tag: ExposureTime (33434) - type: rational (5) Tag Location: 248 - Data Location: 660 - value: b'\x00\x00\x00\x01\x00\x00\x03\xe8'
2021-03-22 06:40:08,528 DEBUG PIL.TiffImagePlugin Thread-4 : tag: FNumber (33437) - type: rational (5) Tag Location: 260 - Data Location: 668 - value: b'\x00\x00\x00\x0e\x00\x00\x00\x05'
2021-03-22 06:40:08,529 DEBUG PIL.TiffImagePlugin Thread-4 : tag: ExposureProgram (34850) - type: short (3) - value: b'\x00\x01'
2021-03-22 06:40:08,529 DEBUG PIL.TiffImagePlugin Thread-4 : tag: ISOSpeedRatings (34855) - type: short (3) - value: b'\x01\xf4'
2021-03-22 06:40:08,530 DEBUG PIL.TiffImagePlugin Thread-4 : tag: SensitivityType (34864) - type: short (3) - value: b'\x00\x02'
2021-03-22 06:40:08,530 DEBUG PIL.TiffImagePlugin Thread-4 : tag: RecommendedExposureIndex (34866) - type: long (4) - value: b'\x00\x00\x01\xf4'
2021-03-22 06:40:08,531 DEBUG PIL.TiffImagePlugin Thread-4 : tag: ExifVersion (36864) - type: undefined (7) - value: b'0230'
2021-03-22 06:40:08,531 DEBUG PIL.TiffImagePlugin Thread-4 : tag: DateTimeOriginal (36867) - type: string (2) Tag Location: 332 - Data Location: 676 - value: b'2019:12:21 13:29:05\x00'
2021-03-22 06:40:08,532 DEBUG PIL.TiffImagePlugin Thread-4 : tag: DateTImeDigitized (36868) - type: string (2) Tag Location: 344 - Data Location: 696 - value: b'2019:12:21 13:29:05\x00'
2021-03-22 06:40:08,532 DEBUG PIL.TiffImagePlugin Thread-4 : tag: ComponentsConfiguration (37121) - type: undefined (7) - value: b'\x01\x02\x03\x00'
2021-03-22 06:40:08,532 DEBUG PIL.TiffImagePlugin Thread-4 : tag: CompressedBitsPerPixel (37122) - type: rational (5) Tag Location: 368 - Data Location: 716 - value: b'\x00\x00\x00\x04\x00\x00\x00\x01'
2021-03-22 06:40:08,533 DEBUG PIL.TiffImagePlugin Thread-4 : tag: BrightnessValue (37379) - type: signed rational (10) Tag Location: 380 - Data Location: 724 - value: b'\x00\x00\x08\x19\x00\x00\x01@'
2021-03-22 06:40:08,533 DEBUG PIL.TiffImagePlugin Thread-4 : tag: ExposureBiasValue (37380) - type: signed rational (10) Tag Location: 392 - Data Location: 732 - value: b'\xff\xff\xff\xfd\x00\x00\x00\n'
2021-03-22 06:40:08,533 DEBUG PIL.TiffImagePlugin Thread-4 : tag: MaxApertureValue (37381) - type: rational (5) Tag Location: 404 - Data Location: 740 - value: b'\x00\x00\x00_\x00\x00\x00 '
2021-03-22 06:40:08,534 DEBUG PIL.TiffImagePlugin Thread-4 : tag: MeteringMode (37383) - type: short (3) - value: b'\x00\x05'
2021-03-22 06:40:08,534 DEBUG PIL.TiffImagePlugin Thread-4 : tag: LightSource (37384) - type: short (3) - value: b'\x00\x00'
2021-03-22 06:40:08,534 DEBUG PIL.TiffImagePlugin Thread-4 : tag: Flash (37385) - type: short (3) - value: b'\x00\x10'
2021-03-22 06:40:08,535 DEBUG PIL.TiffImagePlugin Thread-4 : tag: FocalLength (37386) - type: rational (5) Tag Location: 452 - Data Location: 748 - value: b'\x00\x00\x00G\x00\x00\x00\x01'
2021-03-22 06:40:08,535 DEBUG PIL.TiffImagePlugin Thread-4 : tag: FlashPixVersion (40960) - type: undefined (7) - value: b'0100'
2021-03-22 06:40:08,535 DEBUG PIL.TiffImagePlugin Thread-4 : tag: ColorSpace (40961) - type: short (3) - value: b'\x00\x01'
2021-03-22 06:40:08,536 DEBUG PIL.TiffImagePlugin Thread-4 : tag: PixelXDimension (40962) - type: long (4) - value: b'\x00\x00\x07\x11'
2021-03-22 06:40:08,536 DEBUG PIL.TiffImagePlugin Thread-4 : tag: PixelYDimension (40963) - type: long (4) - value: b'\x00\x00\x04\xb7'
2021-03-22 06:40:08,536 DEBUG PIL.TiffImagePlugin Thread-4 : tag: FileSource (41728) - type: undefined (7) - value: b'\x03'
2021-03-22 06:40:08,537 DEBUG PIL.TiffImagePlugin Thread-4 : tag: SceneType (41729) - type: undefined (7) - value: b'\x01'
2021-03-22 06:40:08,537 DEBUG PIL.TiffImagePlugin Thread-4 : tag: CustomRendered (41985) - type: short (3) - value: b'\x00\x00'
2021-03-22 06:40:08,537 DEBUG PIL.TiffImagePlugin Thread-4 : tag: ExposureMode (41986) - type: short (3) - value: b'\x00\x01'
2021-03-22 06:40:08,537 DEBUG PIL.TiffImagePlugin Thread-4 : tag: WhiteBalance (41987) - type: short (3) - value: b'\x00\x00'
2021-03-22 06:40:08,538 DEBUG PIL.TiffImagePlugin Thread-4 : tag: DigitalZoomRatio (41988) - type: rational (5) Tag Location: 572 - Data Location: 756 - value: b'\x00\x00\x00\x01\x00\x00\x00\x01'
2021-03-22 06:40:08,538 DEBUG PIL.TiffImagePlugin Thread-4 : tag: FocalLengthIn35mmFilm (41989) - type: short (3) - value: b'\x00G'
2021-03-22 06:40:08,538 DEBUG PIL.TiffImagePlugin Thread-4 : tag: SceneCaptureType (41990) - type: short (3) - value: b'\x00\x00'
2021-03-22 06:40:08,538 DEBUG PIL.TiffImagePlugin Thread-4 : tag: Contrast (41992) - type: short (3) - value: b'\x00\x00'
2021-03-22 06:40:08,538 DEBUG PIL.TiffImagePlugin Thread-4 : tag: Saturation (41993) - type: short (3) - value: b'\x00\x00'
2021-03-22 06:40:08,539 DEBUG PIL.TiffImagePlugin Thread-4 : tag: Sharpness (41994) - type: short (3) - value: b'\x00\x00'
2021-03-22 06:40:08,539 DEBUG PIL.TiffImagePlugin Thread-4 : tag: LensSpecification (42034) - type: rational (5) Tag Location: 644 - Data Location: 764 - value: b'\x00\x00\x00\x1c\x00\x00\x00\x01\x00\x00\x00K\x00\x00\x00\x01\x00\x00\x00\x0e\x00\x00\x00\x05\x00\x00\x00\x0e\x00\x00\x00\x05'
2021-03-22 06:40:08,539 DEBUG PIL.TiffImagePlugin Thread-4 : tag: LensModel (42036) - type: string (2) Tag Location: 656 - Data Location: 796 - value: b'E 28-75mm F2.8-2.8\x00'
2021-03-22 06:40:41,921 DEBUG urllib3.connectionpool Thread-4 : Starting new HTTPS connection (1): thumbor.thedailymeal.com:443
2021-03-22 06:40:44,002 DEBUG urllib3.connectionpool Thread-4 : https://thumbor.thedailymeal.com:443 "GET /diQGdRkxwRvSk7wuISTX7ze5NWM=//https://www.theactivetimes.com/sites/default/files/uploads/9/9_Akita_shutterstock_Edit.jpg HTTP/1.1" 200 60771
2021-03-22 06:41:22,113 DEBUG urllib3.connectionpool Thread-4 : Starting new HTTPS connection (1): thumbs.dreamstime.com:443
2021-03-22 06:41:22,276 DEBUG urllib3.connectionpool Thread-4 : https://thumbs.dreamstime.com:443 "GET /z/akita-dog-park-beautiful-standing-nature-outdoors-117824417.jpg HTTP/1.1" 200 143149
2021-03-22 06:41:57,284 INFO werkzeug Thread-4 : 127.0.0.1 - - [22/Mar/2021 06:41:57] "[37mPOST /api/found HTTP/1.1[0m" 200 -
2021-03-22 06:43:16,733 INFO werkzeug Thread-5 : 127.0.0.1 - - [22/Mar/2021 06:43:16] "[37mPOST /api/yes_found HTTP/1.1[0m" 200 -
